Performing C++ SOURCE FILE Test HAVE_UINT128_T failed with the following output:
Change Dir: /home/vuducan/Documents/GitHub/how-did-i-prepare-for-my-graduation-thesis/07.ns-3/ns-allinone-3.44/ns-3.44/cmake-cache/CMakeFiles/CMakeTmp

Run Build Command(s):/usr/bin/ninja cmTC_3a0ad && [1/2] Building CXX object CMakeFiles/cmTC_3a0ad.dir/src.cxx.o
FAILED: CMakeFiles/cmTC_3a0ad.dir/src.cxx.o 
/usr/bin/c++ -DHAVE_UINT128_T  -fPIE -std=c++20 -o CMakeFiles/cmTC_3a0ad.dir/src.cxx.o -c /home/vuducan/Documents/GitHub/how-did-i-prepare-for-my-graduation-thesis/07.ns-3/ns-allinone-3.44/ns-3.44/cmake-cache/CMakeFiles/CMakeTmp/src.cxx
/home/vuducan/Documents/GitHub/how-did-i-prepare-for-my-graduation-thesis/07.ns-3/ns-allinone-3.44/ns-3.44/cmake-cache/CMakeFiles/CMakeTmp/src.cxx: In function ‘int main()’:
/home/vuducan/Documents/GitHub/how-did-i-prepare-for-my-graduation-thesis/07.ns-3/ns-allinone-3.44/ns-3.44/cmake-cache/CMakeFiles/CMakeTmp/src.cxx:4:18: error: ‘uint128_t’ was not declared in this scope; did you mean ‘uint8_t’?
    4 |             if ((uint128_t *) 0) return 0;
      |                  ^~~~~~~~~
      |                  uint8_t
/home/vuducan/Documents/GitHub/how-did-i-prepare-for-my-graduation-thesis/07.ns-3/ns-allinone-3.44/ns-3.44/cmake-cache/CMakeFiles/CMakeTmp/src.cxx:4:29: error: expected primary-expression before ‘)’ token
    4 |             if ((uint128_t *) 0) return 0;
      |                             ^
/home/vuducan/Documents/GitHub/how-did-i-prepare-for-my-graduation-thesis/07.ns-3/ns-allinone-3.44/ns-3.44/cmake-cache/CMakeFiles/CMakeTmp/src.cxx:4:30: error: expected ‘)’ before numeric constant
    4 |             if ((uint128_t *) 0) return 0;
      |                ~             ^~
      |                              )
/home/vuducan/Documents/GitHub/how-did-i-prepare-for-my-graduation-thesis/07.ns-3/ns-allinone-3.44/ns-3.44/cmake-cache/CMakeFiles/CMakeTmp/src.cxx:5:25: error: ‘uint128_t’ was not declared in this scope; did you mean ‘uint8_t’?
    5 |             if (sizeof (uint128_t)) return 0;
      |                         ^~~~~~~~~
      |                         uint8_t
ninja: build stopped: subcommand failed.


Source file was:
#include <stdint.h>
       int main()
         {
            if ((uint128_t *) 0) return 0;
            if (sizeof (uint128_t)) return 0;
            return 1;
         }
Determining if the include file net/netmap_user.h exists failed with the following output:
Change Dir: /home/vuducan/Documents/GitHub/how-did-i-prepare-for-my-graduation-thesis/07.ns-3/ns-allinone-3.44/ns-3.44/cmake-cache/CMakeFiles/CMakeTmp

Run Build Command(s):/usr/bin/ninja cmTC_d631d && [1/2] Building C object CMakeFiles/cmTC_d631d.dir/CheckIncludeFile.c.o
FAILED: CMakeFiles/cmTC_d631d.dir/CheckIncludeFile.c.o 
/usr/bin/cc   -fPIE -o CMakeFiles/cmTC_d631d.dir/CheckIncludeFile.c.o -c /home/vuducan/Documents/GitHub/how-did-i-prepare-for-my-graduation-thesis/07.ns-3/ns-allinone-3.44/ns-3.44/cmake-cache/CMakeFiles/CMakeTmp/CheckIncludeFile.c
/home/vuducan/Documents/GitHub/how-did-i-prepare-for-my-graduation-thesis/07.ns-3/ns-allinone-3.44/ns-3.44/cmake-cache/CMakeFiles/CMakeTmp/CheckIncludeFile.c:1:10: fatal error: net/netmap_user.h: No such file or directory
    1 | #include <net/netmap_user.h>
      |          ^~~~~~~~~~~~~~~~~~~
compilation terminated.
ninja: build stopped: subcommand failed.



